Lamplighters/Library/Bee/Android/Prj/Mono2x/Gradle/launcher/build/intermediates/manifest_merge_blame_file/release/manifest-merger-blame-release-report.txt
1<?xml version="1.0" encoding="utf-8"?>
2<manifest xmlns:android="http://schemas.android.com/apk/res/android"
3    package="com.DefaultCompany.Lamplighters"
4    android:installLocation="preferExternal"
5    android:versionCode="1"
6    android:versionName="0.1" >
7
8    <uses-sdk
9        android:minSdkVersion="22"
9-->src\main\AndroidManifest.xml
10        android:targetSdkVersion="30" />
10-->src\main\AndroidManifest.xml
11
12    <supports-screens
12-->src\main\AndroidManifest.xml:3:3-163
13        android:anyDensity="true"
13-->src\main\AndroidManifest.xml:3:135-160
14        android:largeScreens="true"
14-->src\main\AndroidManifest.xml:3:78-105
15        android:normalScreens="true"
15-->src\main\AndroidManifest.xml:3:49-77
16        android:smallScreens="true"
16-->src\main\AndroidManifest.xml:3:21-48
17        android:xlargeScreens="true" />
17-->src\main\AndroidManifest.xml:3:106-134
18
19    <uses-feature android:glEsVersion="0x00020000" />
19-->[:unityLibrary] AndroidManifest.xml:12:5-54
19-->[:unityLibrary] AndroidManifest.xml:12:19-51
20
21    <uses-permission android:name="android.permission.INTERNET" />
21-->[:unityLibrary] AndroidManifest.xml:14:5-67
21-->[:unityLibrary] AndroidManifest.xml:14:22-64
22    <uses-permission android:name="android.permission.ACCESS_NETWORK_STATE" />
22-->[:unityLibrary] AndroidManifest.xml:15:5-79
22-->[:unityLibrary] AndroidManifest.xml:15:22-76
23
24    <uses-feature
24-->[:unityLibrary] AndroidManifest.xml:17:5-19:36
25        android:name="android.hardware.touchscreen"
25-->[:unityLibrary] AndroidManifest.xml:18:9-52
26        android:required="false" />
26-->[:unityLibrary] AndroidManifest.xml:19:9-33
27    <uses-feature
27-->[:unityLibrary] AndroidManifest.xml:20:5-22:36
28        android:name="android.hardware.touchscreen.multitouch"
28-->[:unityLibrary] AndroidManifest.xml:21:9-63
29        android:required="false" />
29-->[:unityLibrary] AndroidManifest.xml:22:9-33
30    <uses-feature
30-->[:unityLibrary] AndroidManifest.xml:23:5-25:36
31        android:name="android.hardware.touchscreen.multitouch.distinct"
31-->[:unityLibrary] AndroidManifest.xml:24:9-72
32        android:required="false" />
32-->[:unityLibrary] AndroidManifest.xml:25:9-33
33
34    <application
34-->src\main\AndroidManifest.xml:4:3-83
35        android:extractNativeLibs="true"
35-->[:unityLibrary] AndroidManifest.xml:27:18-50
36        android:icon="@mipmap/app_icon"
36-->src\main\AndroidManifest.xml:4:49-80
37        android:label="@string/app_name" >
37-->src\main\AndroidManifest.xml:4:16-48
38        <activity
38-->[:unityLibrary] AndroidManifest.xml:28:9-48:20
39            android:name="com.unity3d.player.UnityPlayerActivity"
39-->[:unityLibrary] AndroidManifest.xml:29:13-66
40            android:configChanges="mcc|mnc|locale|touchscreen|keyboard|keyboardHidden|navigation|orientation|screenLayout|uiMode|screenSize|smallestScreenSize|fontScale|layoutDirection|density"
40-->[:unityLibrary] AndroidManifest.xml:30:13-194
41            android:hardwareAccelerated="false"
41-->[:unityLibrary] AndroidManifest.xml:31:13-48
42            android:launchMode="singleTask"
42-->[:unityLibrary] AndroidManifest.xml:32:13-44
43            android:resizeableActivity="false"
43-->[:unityLibrary] AndroidManifest.xml:33:13-47
44            android:screenOrientation="fullUser"
44-->[:unityLibrary] AndroidManifest.xml:34:13-49
45            android:theme="@style/UnityThemeSelector" >
45-->[:unityLibrary] AndroidManifest.xml:35:13-54
46            <intent-filter>
46-->[:unityLibrary] AndroidManifest.xml:36:13-40:29
47                <action android:name="android.intent.action.MAIN" />
47-->[:unityLibrary] AndroidManifest.xml:37:17-69
47-->[:unityLibrary] AndroidManifest.xml:37:25-66
48
49                <category android:name="android.intent.category.LAUNCHER" />
49-->[:unityLibrary] AndroidManifest.xml:39:17-77
49-->[:unityLibrary] AndroidManifest.xml:39:27-74
50            </intent-filter>
51
52            <meta-data
52-->[:unityLibrary] AndroidManifest.xml:42:13-44:40
53                android:name="unityplayer.UnityActivity"
53-->[:unityLibrary] AndroidManifest.xml:43:17-57
54                android:value="true" />
54-->[:unityLibrary] AndroidManifest.xml:44:17-37
55            <meta-data
55-->[:unityLibrary] AndroidManifest.xml:45:13-47:40
56                android:name="android.notch_support"
56-->[:unityLibrary] AndroidManifest.xml:46:17-53
57                android:value="true" />
57-->[:unityLibrary] AndroidManifest.xml:47:17-37
58        </activity>
59
60        <meta-data
60-->[:unityLibrary] AndroidManifest.xml:50:9-52:33
61            android:name="unity.splash-mode"
61-->[:unityLibrary] AndroidManifest.xml:51:13-45
62            android:value="0" />
62-->[:unityLibrary] AndroidManifest.xml:52:13-30
63        <meta-data
63-->[:unityLibrary] AndroidManifest.xml:53:9-55:36
64            android:name="unity.splash-enable"
64-->[:unityLibrary] AndroidManifest.xml:54:13-47
65            android:value="True" />
65-->[:unityLibrary] AndroidManifest.xml:55:13-33
66        <meta-data
66-->[:unityLibrary] AndroidManifest.xml:56:9-58:36
67            android:name="unity.launch-fullscreen"
67-->[:unityLibrary] AndroidManifest.xml:57:13-51
68            android:value="True" />
68-->[:unityLibrary] AndroidManifest.xml:58:13-33
69        <meta-data
69-->[:unityLibrary] AndroidManifest.xml:59:9-61:37
70            android:name="unity.allow-resizable-window"
70-->[:unityLibrary] AndroidManifest.xml:60:13-56
71            android:value="False" />
71-->[:unityLibrary] AndroidManifest.xml:61:13-34
72        <meta-data
72-->[:unityLibrary] AndroidManifest.xml:62:9-64:50
73            android:name="notch.config"
73-->[:unityLibrary] AndroidManifest.xml:63:13-40
74            android:value="portrait|landscape" />
74-->[:unityLibrary] AndroidManifest.xml:64:13-47
75    </application>
76
77</manifest>